<?xml version="1.0" encoding="UTF-8" ?>
<testsuite failures="0" time="0.004" errors="0" skipped="0" tests="2" name="net.sourceforge.fastupload.UploadChunkTest">
  <properties>
    <property name="java.runtime.name" value="Java(TM) SE Runtime Environment"/>
    <property name="sun.boot.library.path" value="/Library/Java/JavaVirtualMachines/jdk1.7.0_10.jdk/Contents/Home/jre/lib"/>
    <property name="java.vm.version" value="23.6-b04"/>
    <property name="user.country.format" value="CN"/>
    <property name="gopherProxySet" value="false"/>
    <property name="java.vm.vendor" value="Oracle Corporation"/>
    <property name="java.vendor.url" value="http://java.oracle.com/"/>
    <property name="path.separator" value=":"/>
    <property name="java.vm.name" value="Java HotSpot(TM) 64-Bit Server VM"/>
    <property name="file.encoding.pkg" value="sun.io"/>
    <property name="user.country" value="US"/>
    <property name="sun.java.launcher" value="SUN_STANDARD"/>
    <property name="sun.os.patch.level" value="unknown"/>
    <property name="java.vm.specification.name" value="Java Virtual Machine Specification"/>
    <property name="user.dir" value="/Users/linkqian/workspace/net.opensource.fastupload"/>
    <property name="java.runtime.version" value="1.7.0_10-b18"/>
    <property name="java.awt.graphicsenv" value="sun.awt.CGraphicsEnvironment"/>
    <property name="basedir" value="/Users/linkqian/workspace/net.opensource.fastupload"/>
    <property name="java.endorsed.dirs" value="/Library/Java/JavaVirtualMachines/jdk1.7.0_10.jdk/Contents/Home/jre/lib/endorsed"/>
    <property name="os.arch" value="x86_64"/>
    <property name="surefire.real.class.path" value="/Users/linkqian/workspace/net.opensource.fastupload/target/surefire/surefirebooter4646090773754185479.jar"/>
    <property name="java.io.tmpdir" value="/var/folders/nl/z42ftkm13zxf0p58lczjcp500000gn/T/"/>
    <property name="line.separator" value="
"/>
    <property name="java.vm.specification.vendor" value="Oracle Corporation"/>
    <property name="os.name" value="Mac OS X"/>
    <property name="sun.jnu.encoding" value="UTF-8"/>
    <property name="java.library.path" value="/Users/linkqian/Library/Java/Extensions:/Library/Java/Extensions:/Network/Library/Java/Extensions:/System/Library/Java/Extensions:/usr/lib/java:."/>
    <property name="surefire.test.class.path" value="/Users/linkqian/workspace/net.opensource.fastupload/target/test-classes:/Users/linkqian/workspace/net.opensource.fastupload/target/classes:/Users/linkqian/.m2/repository/junit/junit/4.10/junit-4.10.jar:/Users/linkqian/.m2/repository/org/hamcrest/hamcrest-core/1.1/hamcrest-core-1.1.jar:/Users/linkqian/.m2/repository/javax/servlet/servlet-api/2.5/servlet-api-2.5.jar:"/>
    <property name="java.specification.name" value="Java Platform API Specification"/>
    <property name="java.class.version" value="51.0"/>
    <property name="sun.management.compiler" value="HotSpot 64-Bit Tiered Compilers"/>
    <property name="os.version" value="10.8.2"/>
    <property name="http.nonProxyHosts" value="local|*.local|169.254.0.0/16|*.169.254.0.0/16|10.32.0.0/16|*.10.32.0.0/16|192.168.0.0/16|*.192.168.0.0/16|116.213.0.0/16|*.116.213.0.0/16|uucun.com|*.uucun.com|163.com|*.163.com|sohu.com|*.sohu.com|360buy.com|*.360buy.com"/>
    <property name="user.home" value="/Users/linkqian"/>
    <property name="user.timezone" value=""/>
    <property name="java.awt.printerjob" value="sun.lwawt.macosx.CPrinterJob"/>
    <property name="java.specification.version" value="1.7"/>
    <property name="file.encoding" value="UTF-8"/>
    <property name="user.name" value="linkqian"/>
    <property name="java.class.path" value="/Users/linkqian/workspace/net.opensource.fastupload/target/test-classes:/Users/linkqian/workspace/net.opensource.fastupload/target/classes:/Users/linkqian/.m2/repository/junit/junit/4.10/junit-4.10.jar:/Users/linkqian/.m2/repository/org/hamcrest/hamcrest-core/1.1/hamcrest-core-1.1.jar:/Users/linkqian/.m2/repository/javax/servlet/servlet-api/2.5/servlet-api-2.5.jar:"/>
    <property name="java.vm.specification.version" value="1.7"/>
    <property name="sun.arch.data.model" value="64"/>
    <property name="java.home" value="/Library/Java/JavaVirtualMachines/jdk1.7.0_10.jdk/Contents/Home/jre"/>
    <property name="sun.java.command" value="/Users/linkqian/workspace/net.opensource.fastupload/target/surefire/surefirebooter4646090773754185479.jar /Users/linkqian/workspace/net.opensource.fastupload/target/surefire/surefire685914082998354913tmp /Users/linkqian/workspace/net.opensource.fastupload/target/surefire/surefire5272593821088206461tmp"/>
    <property name="java.specification.vendor" value="Oracle Corporation"/>
    <property name="user.language" value="en"/>
    <property name="awt.toolkit" value="sun.lwawt.macosx.LWCToolkit"/>
    <property name="java.vm.info" value="mixed mode"/>
    <property name="java.version" value="1.7.0_10"/>
    <property name="java.ext.dirs" value="/Users/linkqian/Library/Java/Extensions:/Library/Java/JavaVirtualMachines/jdk1.7.0_10.jdk/Contents/Home/jre/lib/ext:/Library/Java/Extensions:/Network/Library/Java/Extensions:/System/Library/Java/Extensions:/usr/lib/java"/>
    <property name="sun.boot.class.path" value="/Library/Java/JavaVirtualMachines/jdk1.7.0_10.jdk/Contents/Home/jre/lib/resources.jar:/Library/Java/JavaVirtualMachines/jdk1.7.0_10.jdk/Contents/Home/jre/lib/rt.jar:/Library/Java/JavaVirtualMachines/jdk1.7.0_10.jdk/Contents/Home/jre/lib/sunrsasign.jar:/Library/Java/JavaVirtualMachines/jdk1.7.0_10.jdk/Contents/Home/jre/lib/jsse.jar:/Library/Java/JavaVirtualMachines/jdk1.7.0_10.jdk/Contents/Home/jre/lib/jce.jar:/Library/Java/JavaVirtualMachines/jdk1.7.0_10.jdk/Contents/Home/jre/lib/charsets.jar:/Library/Java/JavaVirtualMachines/jdk1.7.0_10.jdk/Contents/Home/jre/lib/jfr.jar:/Library/Java/JavaVirtualMachines/jdk1.7.0_10.jdk/Contents/Home/jre/lib/JObjC.jar:/Library/Java/JavaVirtualMachines/jdk1.7.0_10.jdk/Contents/Home/jre/classes"/>
    <property name="java.vendor" value="Oracle Corporation"/>
    <property name="localRepository" value="/Users/linkqian/.m2/repository"/>
    <property name="file.separator" value="/"/>
    <property name="java.vendor.url.bug" value="http://bugreport.sun.com/bugreport/"/>
    <property name="sun.cpu.endian" value="little"/>
    <property name="sun.io.unicode.encoding" value="UnicodeBig"/>
    <property name="socksNonProxyHosts" value="local|*.local|169.254.0.0/16|*.169.254.0.0/16|10.32.0.0/16|*.10.32.0.0/16|192.168.0.0/16|*.192.168.0.0/16|116.213.0.0/16|*.116.213.0.0/16|uucun.com|*.uucun.com|163.com|*.163.com|sohu.com|*.sohu.com|360buy.com|*.360buy.com"/>
    <property name="ftp.nonProxyHosts" value="local|*.local|169.254.0.0/16|*.169.254.0.0/16|10.32.0.0/16|*.10.32.0.0/16|192.168.0.0/16|*.192.168.0.0/16|116.213.0.0/16|*.116.213.0.0/16|uucun.com|*.uucun.com|163.com|*.163.com|sohu.com|*.sohu.com|360buy.com|*.360buy.com"/>
    <property name="sun.cpu.isalist" value=""/>
  </properties>
  <testcase time="0.001" classname="net.sourceforge.fastupload.UploadChunkTest" name="testParseLine1"/>
  <testcase time="0" classname="net.sourceforge.fastupload.UploadChunkTest" name="testParseLine2"/>
</testsuite>